-3.055766296386718750e+01 3.064238309860229492e+00
-3.067646980285644531e+01 3.065729379653930664e+00
-3.073509597778320312e+01 3.065488338470458984e+00
-3.070673370361328125e+01 3.061722755432128906e+00
-3.065321922302246094e+01 3.058781862258911133e+00
-3.059081649780273438e+01 3.056453943252563477e+00
-3.052061653137207031e+01 3.054081201553344727e+00
-3.045445632934570312e+01 3.051321983337402344e+00
-3.039526557922363281e+01 3.048230648040771484e+00
-3.033585739135742188e+01 3.044941663742065430e+00
-3.028057861328125000e+01 3.041297674179077148e+00
-3.022867584228515625e+01 3.037271738052368164e+00
-3.017757034301757812e+01 3.033652067184448242e+00
-3.012778854370117188e+01 3.030032634735107422e+00
-3.007621955871582031e+01 3.026572227478027344e+00
-3.001021575927734375e+01 3.022855043411254883e+00
-2.994388961791992188e+01 3.019263505935668945e+00
-2.987751770019531250e+01 3.016181707382202148e+00
-2.981263160705566406e+01 3.013610363006591797e+00
-2.973245620727539062e+01 3.011000871658325195e+00
-2.966368484497070312e+01 3.008877992630004883e+00
-2.961258888244628906e+01 3.006829500198364258e+00
-2.956123542785644531e+01 3.004804849624633789e+00
-2.951041793823242188e+01 3.002933025360107422e+00
-2.945691490173339844e+01 3.000482559204101562e+00
-2.940027046203613281e+01 2.998263120651245117e+00
-2.933833694458007812e+01 2.996498346328735352e+00
-2.927453422546386719e+01 2.995166540145874023e+00
-2.920998382568359375e+01 2.994281530380249023e+00
-2.914863395690917969e+01 2.993478298187255859e+00
-2.908876037597656250e+01 2.992303133010864258e+00
-2.902652359008789062e+01 2.991668701171875000e+00
-2.896057128906250000e+01 2.991175889968872070e+00
-2.889681434631347656e+01 2.990890502929687500e+00
-2.883452796936035156e+01 2.990769147872924805e+00
-2.877304077148437500e+01 2.990838527679443359e+00
-2.871135139465332031e+01 2.991136312484741211e+00
-2.864990615844726562e+01 2.991808652877807617e+00
-2.858862495422363281e+01 2.992784976959228516e+00
-2.852727127075195312e+01 2.994159936904907227e+00
-2.846591377258300781e+01 2.996046543121337891e+00
-2.840501403808593750e+01 2.998107433319091797e+00
-2.834490966796875000e+01 3.000286340713500977e+00
-2.828554916381835938e+01 3.002553462982177734e+00
-2.822677803039550781e+01 3.004879713058471680e+00
-2.816825485229492188e+01 3.007247924804687500e+00
-2.810898590087890625e+01 3.009776592254638672e+00
-2.804918861389160156e+01 3.012152671813964844e+00
-2.799274253845214844e+01 3.013886451721191406e+00
-2.793610191345214844e+01 3.015534639358520508e+00
-2.787905311584472656e+01 3.017090320587158203e+00
-2.782140350341796875e+01 3.018536806106567383e+00
-2.776665878295898438e+01 3.020083904266357422e+00
-2.770962715148925781e+01 3.021399021148681641e+00
-2.764081001281738281e+01 3.023510694503784180e+00
-2.757281303405761719e+01 3.025618314743041992e+00
-2.750566864013671875e+01 3.027308940887451172e+00
-2.743860244750976562e+01 3.028878450393676758e+00
-2.737097549438476562e+01 3.030480861663818359e+00
-2.730278778076171875e+01 3.032061338424682617e+00
-2.723405838012695312e+01 3.033455610275268555e+00
-2.716324996948242188e+01 3.034599542617797852e+00
-2.708815574645996094e+01 3.034867763519287109e+00
-2.700807571411132812e+01 3.034929513931274414e+00
-2.692490577697753906e+01 3.034740686416625977e+00
-2.684196472167968750e+01 3.034321546554565430e+00
-2.675743675231933594e+01 3.033855676651000977e+00
-2.667314338684082031e+01 3.033312082290649414e+00
-2.659269905090332031e+01 3.032516241073608398e+00
-2.651587677001953125e+01 3.031524419784545898e+00
-2.644223785400390625e+01 3.030366420745849609e+00
-2.637140274047851562e+01 3.029039859771728516e+00
-2.630273818969726562e+01 3.027602434158325195e+00
-2.623538589477539062e+01 3.025752782821655273e+00
-2.617363548278808594e+01 3.023800611495971680e+00
-2.611657333374023438e+01 3.021674394607543945e+00
-2.606390190124511719e+01 3.019449949264526367e+00
-2.601549530029296875e+01 3.017153978347778320e+00
-2.596876144409179688e+01 3.014808654785156250e+00
-2.592147254943847656e+01 3.012442827224731445e+00
-2.587701988220214844e+01 3.009860992431640625e+00
-2.583742904663085938e+01 3.007149457931518555e+00
-2.580106925964355469e+01 3.004514455795288086e+00
-2.576621246337890625e+01 3.002012729644775391e+00
-2.573203468322753906e+01 2.999584436416625977e+00
-2.569258689880371094e+01 2.997672557830810547e+00
-2.564995193481445312e+01 2.995567560195922852e+00
-2.559987640380859375e+01 2.993634700775146484e+00
-2.555136680603027344e+01 2.991414785385131836e+00
-2.550191688537597656e+01 2.989250421524047852e+00
-2.545076370239257812e+01 2.987202405929565430e+00
-2.539838600158691406e+01 2.985236167907714844e+00
-2.534333610534667969e+01 2.984673500061035156e+00
-2.528219795227050781e+01 2.985388040542602539e+00
-2.521565628051757812e+01 2.986029148101806641e+00
-2.514781379699707031e+01 2.986751556396484375e+00
-2.507835006713867188e+01 2.987591028213500977e+00
-2.500896644592285156e+01 2.988417625427246094e+00
-2.494131469726562500e+01 2.989159822463989258e+00
-2.487379646301269531e+01 2.989884376525878906e+00
-2.480652618408203125e+01 2.990595817565917969e+00
-2.473935890197753906e+01 2.991390943527221680e+00
-2.467125892639160156e+01 2.992177486419677734e+00
-2.460416412353515625e+01 2.992886543273925781e+00
-2.454010772705078125e+01 2.993443012237548828e+00
-2.447851371765136719e+01 2.993914365768432617e+00
-2.441957092285156250e+01 2.994300365447998047e+00
-2.436185264587402344e+01 2.994642496109008789e+00
-2.430388832092285156e+01 2.994584560394287109e+00
-2.424829483032226562e+01 2.994280576705932617e+00
-2.419581413269042969e+01 2.993633031845092773e+00
-2.414223480224609375e+01 2.993090391159057617e+00
-2.408767318725585938e+01 2.992233276367187500e+00
-2.403070068359375000e+01 2.990180730819702148e+00
-2.397477531433105469e+01 2.988106727600097656e+00
-2.391770172119140625e+01 2.986150979995727539e+00
-2.386106681823730469e+01 2.984197616577148438e+00
-2.380253982543945312e+01 2.982277393341064453e+00
-2.374018096923828125e+01 2.979995250701904297e+00
-2.367373466491699219e+01 2.977405071258544922e+00
-2.360498046875000000e+01 2.974807977676391602e+00
-2.352565574645996094e+01 2.971819400787353516e+00
-2.344578933715820312e+01 2.968983173370361328e+00
-2.335985565185546875e+01 2.966294288635253906e+00
-2.327337074279785156e+01 2.963864088058471680e+00
-2.318678474426269531e+01 2.961708784103393555e+00
-2.310149955749511719e+01 2.959806203842163086e+00
-2.301787757873535156e+01 2.958172798156738281e+00
-2.293666839599609375e+01 2.956774234771728516e+00
-2.285901451110839844e+01 2.955640316009521484e+00
-2.278196334838867188e+01 2.954797983169555664e+00
-2.270859146118164062e+01 2.954310655593872070e+00
-2.263930130004882812e+01 2.954181671142578125e+00
-2.257372665405273438e+01 2.954381465911865234e+00
-2.251214218139648438e+01 2.954908132553100586e+00
-2.245461273193359375e+01 2.955747842788696289e+00
-2.240085411071777344e+01 2.956954956054687500e+00
-2.235089111328125000e+01 2.958470821380615234e+00
-2.230412483215332031e+01 2.960278987884521484e+00
-2.225845909118652344e+01 2.962373733520507812e+00
-2.221583366394042969e+01 2.964695930480957031e+00
-2.217335128784179688e+01 2.967203617095947266e+00
-2.213329887390136719e+01 2.969878911972045898e+00
-2.209586334228515625e+01 2.972709894180297852e+00
-2.205991172790527344e+01 2.975633621215820312e+00
-2.202582359313964844e+01 2.978447675704956055e+00
-2.199520492553710938e+01 2.981309652328491211e+00
-2.196573448181152344e+01 2.984193801879882812e+00
-2.193560791015625000e+01 2.987015724182128906e+00
-2.190477180480957031e+01 2.989651918411254883e+00
-2.187104225158691406e+01 2.992051601409912109e+00
-2.182863616943359375e+01 2.994247436523437500e+00
-2.177197074890136719e+01 2.995939493179321289e+00
-2.170718765258789062e+01 2.996504545211791992e+00
-2.164107131958007812e+01 2.996653556823730469e+00
-2.156846046447753906e+01 2.995928525924682617e+00
-2.148912429809570312e+01 2.994307756423950195e+00
-2.140643501281738281e+01 2.992205619812011719e+00
-2.132624244689941406e+01 2.989652395248413086e+00
-2.125217056274414062e+01 2.989861726760864258e+00
-2.118263435363769531e+01 2.991141557693481445e+00
-2.111219596862792969e+01 2.992069482803344727e+00
-2.104259681701660156e+01 2.992569684982299805e+00
-2.097366523742675781e+01 2.992660284042358398e+00
-2.090368843078613281e+01 2.992277860641479492e+00
-2.083264350891113281e+01 2.991434097290039062e+00
-2.076000785827636719e+01 2.990087747573852539e+00
-2.068587303161621094e+01 2.988315582275390625e+00
-2.061064720153808594e+01 2.986462593078613281e+00
-2.053478050231933594e+01 2.984383583068847656e+00
-2.045536422729492188e+01 2.982025623321533203e+00
-2.037194824218750000e+01 2.979680776596069336e+00
-2.028699684143066406e+01 2.977059125900268555e+00
-2.020248794555664062e+01 2.974336624145507812e+00
-2.011862945556640625e+01 2.971459150314331055e+00
-2.003889656066894531e+01 2.968513965606689453e+00
-1.995978164672851562e+01 2.965521097183227539e+00
-1.988191604614257812e+01 2.963790655136108398e+00
-1.982526779174804688e+01 2.964935302734375000e+00
-1.977728080749511719e+01 2.967097282409667969e+00
-1.972921371459960938e+01 2.969717979431152344e+00
-1.967942428588867188e+01 2.972397089004516602e+00
-1.962747573852539062e+01 2.975104331970214844e+00
-1.957382202148437500e+01 2.977613449096679688e+00
-1.951912117004394531e+01 2.979456663131713867e+00
-1.946354293823242188e+01 2.981137514114379883e+00
-1.940782546997070312e+01 2.982638597488403320e+00
-1.935123062133789062e+01 2.983930349349975586e+00
-1.929413032531738281e+01 2.984958648681640625e+00
-1.923643684387207031e+01 2.985813617706298828e+00
-1.917823028564453125e+01 2.986501693725585938e+00
-1.911968803405761719e+01 2.987035512924194336e+00
-1.906418228149414062e+01 2.987510681152343750e+00
-1.900928497314453125e+01 2.987861394882202148e+00
-1.895457077026367188e+01 2.988073348999023438e+00
-1.889973068237304688e+01 2.988155126571655273e+00
-1.884507751464843750e+01 2.988111495971679688e+00
-1.879067993164062500e+01 2.987937211990356445e+00
-1.873671340942382812e+01 2.987639188766479492e+00
-1.868282127380371094e+01 2.987319946289062500e+00
-1.862878799438476562e+01 2.987046003341674805e+00
-1.857487297058105469e+01 2.986673355102539062e+00
-1.852102661132812500e+01 2.986212253570556641e+00
-1.845835494995117188e+01 2.985240459442138672e+00
-1.838887786865234375e+01 2.983392715454101562e+00
-1.831914329528808594e+01 2.981455564498901367e+00
-1.824455261230468750e+01 2.979287147521972656e+00
-1.817113304138183594e+01 2.977031946182250977e+00
-1.809832763671875000e+01 2.974706888198852539e+00
-1.802636337280273438e+01 2.972350120544433594e+00
-1.795532417297363281e+01 2.969982624053955078e+00
-1.788430595397949219e+01 2.967548608779907227e+00
-1.781633949279785156e+01 2.965219974517822266e+00
-1.775706100463867188e+01 2.966146469116210938e+00
-1.769901466369628906e+01 2.967041015625000000e+00
-1.764209175109863281e+01 2.967904806137084961e+00
-1.758629608154296875e+01 2.968768835067749023e+00
-1.753158760070800781e+01 2.969668149948120117e+00
-1.747788810729980469e+01 2.970633745193481445e+00
-1.742513084411621094e+01 2.971698522567749023e+00
-1.737322425842285156e+01 2.972877979278564453e+00
-1.732222557067871094e+01 2.972781181335449219e+00
-1.727074050903320312e+01 2.972820520401000977e+00
-1.721962547302246094e+01 2.972920656204223633e+00
-1.716740226745605469e+01 2.973253250122070312e+00
-1.711506462097167969e+01 2.973752975463867188e+00
-1.706085205078125000e+01 2.974806785583496094e+00
-1.699687385559082031e+01 2.975656986236572266e+00
-1.692833328247070312e+01 2.976586580276489258e+00
-1.685935974121093750e+01 2.977508068084716797e+00
-1.678949165344238281e+01 2.978605270385742188e+00
-1.671697998046875000e+01 2.980079650878906250e+00
-1.663644409179687500e+01 2.981740236282348633e+00
-1.654976081848144531e+01 2.984000205993652344e+00
-1.646179580688476562e+01 2.986464500427246094e+00
-1.637177848815917969e+01 2.989153861999511719e+00
-1.626837348937988281e+01 2.993420600891113281e+00
-1.615245819091796875e+01 2.997847080230712891e+00
-1.604526138305664062e+01 3.004598379135131836e+00
-1.598060417175292969e+01 3.007383108139038086e+00
-1.592769241333007812e+01 3.000620841979980469e+00
-1.586616516113281250e+01 2.993807077407836914e+00
-1.580077552795410156e+01 2.986908912658691406e+00
-1.573512649536132812e+01 2.980247735977172852e+00
-1.566904830932617188e+01 2.973784923553466797e+00
-1.560268402099609375e+01 2.967585086822509766e+00
-1.553643417358398438e+01 2.961692094802856445e+00
-1.546927642822265625e+01 2.956073522567749023e+00
-1.541341590881347656e+01 2.952997446060180664e+00
-1.536315155029296875e+01 2.951384067535400391e+00
-1.531257247924804688e+01 2.950013637542724609e+00
-1.526067352294921875e+01 2.948711633682250977e+00
-1.520867538452148438e+01 2.947576522827148438e+00
-1.515779304504394531e+01 2.946552515029907227e+00
-1.510721015930175781e+01 2.945793390274047852e+00
-1.505681228637695312e+01 2.945260047912597656e+00
-1.500671195983886719e+01 2.944953203201293945e+00
-1.495711898803710938e+01 2.944835901260375977e+00
-1.490847587585449219e+01 2.944839000701904297e+00
-1.484771347045898438e+01 2.944089412689208984e+00
-1.478526115417480469e+01 2.943311452865600586e+00
-1.472001457214355469e+01 2.942468404769897461e+00
-1.465632820129394531e+01 2.941695213317871094e+00
-1.459737777709960938e+01 2.941105604171752930e+00
-1.453944396972656250e+01 2.940615653991699219e+00
-1.448292922973632812e+01 2.939978122711181641e+00
-1.442360115051269531e+01 2.938831329345703125e+00
-1.436868286132812500e+01 2.939163684844970703e+00
-1.431548309326171875e+01 2.939551591873168945e+00
-1.426273918151855469e+01 2.940041542053222656e+00
-1.420419502258300781e+01 2.941304922103881836e+00
-1.413320159912109375e+01 2.942862272262573242e+00
-1.406037902832031250e+01 2.943907499313354492e+00
-1.398858451843261719e+01 2.944660425186157227e+00
-1.391752052307128906e+01 2.945137262344360352e+00
-1.384744644165039062e+01 2.945331096649169922e+00
-1.377829551696777344e+01 2.945232868194580078e+00
-1.370985794067382812e+01 2.944858074188232422e+00
-1.364211845397949219e+01 2.944245576858520508e+00
-1.357526016235351562e+01 2.943472385406494141e+00
-1.350756072998046875e+01 2.942220449447631836e+00
-1.344467544555664062e+01 2.942019224166870117e+00
-1.338290977478027344e+01 2.942005157470703125e+00
-1.332211494445800781e+01 2.941964626312255859e+00
-1.326223373413085938e+01 2.941839456558227539e+00
-1.320303726196289062e+01 2.941631078720092773e+00
-1.314500999450683594e+01 2.941318511962890625e+00
-1.309258460998535156e+01 2.941120862960815430e+00
-1.304109001159667969e+01 2.942003011703491211e+00
-1.298936843872070312e+01 2.942989587783813477e+00
-1.293537139892578125e+01 2.943817377090454102e+00
-1.287640762329101562e+01 2.944232225418090820e+00
-1.282077789306640625e+01 2.944631576538085938e+00
-1.276455116271972656e+01 2.945361614227294922e+00
-1.270425415039062500e+01 2.946070909500122070e+00
-1.264002418518066406e+01 2.946102857589721680e+00
-1.256992149353027344e+01 2.945925951004028320e+00
-1.249363517761230469e+01 2.944249868392944336e+00
-1.240943908691406250e+01 2.941995859146118164e+00
-1.232730484008789062e+01 2.940233945846557617e+00
-1.225203704833984375e+01 2.938974142074584961e+00
-1.217840003967285156e+01 2.938229084014892578e+00
-1.210536193847656250e+01 2.938006162643432617e+00
-1.203281211853027344e+01 2.938130617141723633e+00
-1.196370697021484375e+01 2.938707113265991211e+00
-1.189532852172851562e+01 2.939675092697143555e+00
-1.182763099670410156e+01 2.940990447998046875e+00
-1.176072502136230469e+01 2.942603588104248047e+00
-1.169451332092285156e+01 2.944431781768798828e+00
-1.163251876831054688e+01 2.946403026580810547e+00
-1.157225990295410156e+01 2.948478460311889648e+00
-1.151276206970214844e+01 2.950256347656250000e+00
-1.145372962951660156e+01 2.951086044311523438e+00
-1.139556694030761719e+01 2.951825141906738281e+00
-1.133815002441406250e+01 2.952459573745727539e+00
-1.128262519836425781e+01 2.952922105789184570e+00
-1.123019218444824219e+01 2.953189373016357422e+00
-1.117934608459472656e+01 2.953253030776977539e+00
-1.113082885742187500e+01 2.953081846237182617e+00
-1.108015251159667969e+01 2.952632904052734375e+00
-1.102502441406250000e+01 2.951887607574462891e+00
-1.097157669067382812e+01 2.950922727584838867e+00
-1.091926574707031250e+01 2.949739456176757812e+00
-1.086854362487792969e+01 2.948327541351318359e+00
-1.081927299499511719e+01 2.946734428405761719e+00
-1.077127075195312500e+01 2.944983243942260742e+00
-1.072451972961425781e+01 2.943100214004516602e+00
-1.067633628845214844e+01 2.940974950790405273e+00
-1.062054634094238281e+01 2.938239812850952148e+00
-1.056259346008300781e+01 2.935567855834960938e+00
-1.050049400329589844e+01 2.932103872299194336e+00
-1.043126678466796875e+01 2.928787231445312500e+00
-1.035122871398925781e+01 2.926534891128540039e+00
-1.027318191528320312e+01 2.924359798431396484e+00
-1.019753456115722656e+01 2.922609806060791016e+00
-1.011941909790039062e+01 2.921519756317138672e+00
-1.004059600830078125e+01 2.920321702957153320e+00
-9.959230422973632812e+00 2.918981552124023438e+00
-9.873519897460937500e+00 2.917290925979614258e+00
-9.793945312500000000e+00 2.916005611419677734e+00
-9.721067428588867188e+00 2.915152072906494141e+00
-9.652370452880859375e+00 2.914704799652099609e+00
-9.588274002075195312e+00 2.916017770767211914e+00
-9.529281616210937500e+00 2.919221639633178711e+00
-9.475200653076171875e+00 2.922665596008300781e+00
-9.427911758422851562e+00 2.926156282424926758e+00
-9.386379241943359375e+00 2.929688930511474609e+00
-9.350187301635742188e+00 2.933364868164062500e+00
-9.317667007446289062e+00 2.937157869338989258e+00
-9.287900924682617188e+00 2.941172361373901367e+00
-9.261623382568359375e+00 2.945394515991210938e+00
-9.237174987792968750e+00 2.949717998504638672e+00
-9.209667205810546875e+00 2.954004526138305664e+00
-9.171430587768554688e+00 2.957712650299072266e+00
-9.132728576660156250e+00 2.961120843887329102e+00
-9.097164154052734375e+00 2.963963747024536133e+00
-9.047151565551757812e+00 2.967031717300415039e+00
-8.984672546386718750e+00 2.969331502914428711e+00
-8.914533615112304688e+00 2.971088647842407227e+00
-8.842346191406250000e+00 2.972126722335815430e+00
-8.766563415527343750e+00 2.970953226089477539e+00
-8.688056945800781250e+00 2.968750715255737305e+00
-8.606176376342773438e+00 2.965412616729736328e+00
-8.514598846435546875e+00 2.961354494094848633e+00
-8.418809890747070312e+00 2.957537889480590820e+00
-8.322362899780273438e+00 2.952347755432128906e+00
-8.257709503173828125e+00 2.951611518859863281e+00
-8.212471008300781250e+00 2.953410387039184570e+00
-8.167467117309570312e+00 2.954971313476562500e+00
-8.121544837951660156e+00 2.956160783767700195e+00
-8.074896812438964844e+00 2.957004785537719727e+00
-8.028991699218750000e+00 2.957813501358032227e+00
-7.985108852386474609e+00 2.958941459655761719e+00
-7.941216468811035156e+00 2.959876298904418945e+00
-7.897360801696777344e+00 2.960647583007812500e+00
-7.854050159454345703e+00 2.961282968521118164e+00
-7.811980247497558594e+00 2.961817741394042969e+00
-7.773056983947753906e+00 2.962323904037475586e+00
-7.735697269439697266e+00 2.962787151336669922e+00
-7.699086189270019531e+00 2.963554143905639648e+00
-7.656865119934082031e+00 2.964067697525024414e+00
-7.612780570983886719e+00 2.965337991714477539e+00
-7.554292201995849609e+00 2.966256856918334961e+00
-7.496090412139892578e+00 2.967098951339721680e+00
-7.428314208984375000e+00 2.966493368148803711e+00
-7.355075359344482422e+00 2.964897155761718750e+00
-7.285813808441162109e+00 2.963649988174438477e+00
-7.211624622344970703e+00 2.961824893951416016e+00
-7.135264873504638672e+00 2.960116624832153320e+00
-7.051968574523925781e+00 2.959313154220581055e+00
-6.963861942291259766e+00 2.960484981536865234e+00
-6.871478557586669922e+00 2.958706378936767578e+00
-6.779525279998779297e+00 2.956017732620239258e+00
-6.672618865966796875e+00 2.954950571060180664e+00
-6.554137706756591797e+00 2.954568624496459961e+00
-6.441232681274414062e+00 2.954332828521728516e+00
-6.334022521972656250e+00 2.954118728637695312e+00
-6.224232673645019531e+00 2.951613664627075195e+00
-6.122938632965087891e+00 2.948669672012329102e+00
-6.022021770477294922e+00 2.943105459213256836e+00
-5.937223434448242188e+00 2.939868688583374023e+00
-5.867098808288574219e+00 2.939328432083129883e+00
-5.801914691925048828e+00 2.940648078918457031e+00
-5.768647193908691406e+00 2.932558774948120117e+00
-5.751598834991455078e+00 2.928350448608398438e+00
-5.705235481262207031e+00 2.923690795898437500e+00
-5.640325069427490234e+00 2.933800935745239258e+00
-5.582615852355957031e+00 2.947063207626342773e+00
-5.528538703918457031e+00 2.957484483718872070e+00
-5.478173732757568359e+00 2.966195821762084961e+00
-5.433776855468750000e+00 2.973326683044433594e+00
-5.396327495574951172e+00 2.977793931961059570e+00
-5.350068092346191406e+00 2.980462551116943359e+00
-5.294158935546875000e+00 2.978429079055786133e+00
-5.243041992187500000e+00 2.971572399139404297e+00
-5.197243213653564453e+00 2.962088584899902344e+00
-5.154483795166015625e+00 2.950266361236572266e+00
-5.128956317901611328e+00 2.938261508941650391e+00
-5.111534595489501953e+00 2.924854040145874023e+00
-5.098740577697753906e+00 2.911118268966674805e+00
-5.083337306976318359e+00 2.912685632705688477e+00
-5.007366657257080078e+00 2.927074670791625977e+00
-4.933551788330078125e+00 2.940142154693603516e+00
-4.900525093078613281e+00 2.951396226882934570e+00
-4.881022453308105469e+00 2.941595554351806641e+00
-4.846300125122070312e+00 2.918992757797241211e+00
-4.786970615386962891e+00 2.905457735061645508e+00
-4.706081390380859375e+00 2.897926807403564453e+00
-4.600242137908935547e+00 2.910302877426147461e+00
-4.477709293365478516e+00 2.906847715377807617e+00
-4.391053199768066406e+00 2.897854328155517578e+00
-4.389812469482421875e+00 2.902713537216186523e+00
-4.432616233825683594e+00 2.896123647689819336e+00
-4.399708271026611328e+00 2.909449577331542969e+00
-4.322413444519042969e+00 2.906108140945434570e+00
-4.161528587341308594e+00 2.893967628479003906e+00
-3.878278493881225586e+00 2.909598588943481445e+00
-3.806828975677490234e+00 2.939446926116943359e+00
-3.781362056732177734e+00 2.933784008026123047e+00
-3.752107143402099609e+00 2.914334535598754883e+00
-3.716021537780761719e+00 2.882145166397094727e+00
-3.729183435440063477e+00 2.879509687423706055e+00
-3.716042280197143555e+00 2.894275665283203125e+00
-3.756005048751831055e+00 2.907622337341308594e+00
-3.761490106582641602e+00 2.913810729980468750e+00
-3.689937114715576172e+00 2.920417785644531250e+00
-3.517025947570800781e+00 2.933987617492675781e+00
-3.363488674163818359e+00 2.947969198226928711e+00
-3.218725681304931641e+00 2.962603092193603516e+00
-3.115534067153930664e+00 2.961006164550781250e+00
-3.064079999923706055e+00 2.957177877426147461e+00
-3.018212556838989258e+00 2.957533836364746094e+00
-2.973840236663818359e+00 2.962206602096557617e+00
-2.911558151245117188e+00 2.968930244445800781e+00
-2.849550724029541016e+00 2.975394010543823242e+00
-2.792340517044067383e+00 2.985841274261474609e+00
-2.733245134353637695e+00 2.996389389038085938e+00
-2.667351007461547852e+00 2.999436855316162109e+00
-2.593095779418945312e+00 3.000923395156860352e+00
-2.512471199035644531e+00 2.997331857681274414e+00
-2.426185131072998047e+00 2.994634151458740234e+00
-2.363011837005615234e+00 2.988973379135131836e+00
-2.308977365493774414e+00 2.980190038681030273e+00
-2.256411552429199219e+00 2.977023601531982422e+00
-2.203788757324218750e+00 2.977810144424438477e+00
-2.123556613922119141e+00 2.970876693725585938e+00
-2.035645961761474609e+00 2.965059518814086914e+00
-1.942398071289062500e+00 2.957034587860107422e+00
-1.875812530517578125e+00 2.953342676162719727e+00
-1.822511076927185059e+00 2.953953742980957031e+00
-1.768591046333312988e+00 2.954310655593872070e+00
-1.715558052062988281e+00 2.955691576004028320e+00
-1.660093426704406738e+00 2.957363128662109375e+00
-1.602879524230957031e+00 2.958416223526000977e+00
-1.546094179153442383e+00 2.958916664123535156e+00
-1.490157365798950195e+00 2.960210561752319336e+00
-1.431219339370727539e+00 2.960693359375000000e+00
-1.369481086730957031e+00 2.960319995880126953e+00
-1.304100751876831055e+00 2.958324670791625977e+00
-1.235201358795166016e+00 2.954757690429687500e+00
-1.170947670936584473e+00 2.951899528503417969e+00
-1.111487150192260742e+00 2.948840856552124023e+00
-1.057229757308959961e+00 2.946475744247436523e+00
-1.002748727798461914e+00 2.944701671600341797e+00
-9.462816119194030762e-01 2.942241191864013672e+00
-8.894847631454467773e-01 2.941425800323486328e+00
-8.303006887435913086e-01 2.940297126770019531e+00
-7.693032622337341309e-01 2.939169883728027344e+00
-7.066236734390258789e-01 2.937942504882812500e+00
-6.432167887687683105e-01 2.936982631683349609e+00
-5.780293345451354980e-01 2.935836315155029297e+00
-5.138266086578369141e-01 2.935977220535278320e+00
-4.499822258949279785e-01 2.937128305435180664e+00
-3.865365982055664062e-01 2.938578844070434570e+00
-3.242580890655517578e-01 2.940200567245483398e+00
-2.632555961608886719e-01 2.941570281982421875e+00
-2.031099200248718262e-01 2.942916870117187500e+00
-1.443526148796081543e-01 2.944486141204833984e+00
-8.795371651649475098e-02 2.945822715759277344e+00
-3.115916252136230469e-02 2.946776151657104492e+00
2.729922533035278320e-02 2.947580814361572266e+00
8.596885204315185547e-02 2.948690414428710938e+00
1.420179009437561035e-01 2.949980974197387695e+00
1.976528167724609375e-01 2.951090097427368164e+00
2.520152926445007324e-01 2.952428340911865234e+00
3.092399239540100098e-01 2.953059911727905273e+00
3.703188896179199219e-01 2.951883554458618164e+00
4.303151369094848633e-01 2.949585437774658203e+00
4.916635751724243164e-01 2.946634292602539062e+00
5.573538541793823242e-01 2.943042039871215820e+00
6.158411502838134766e-01 2.940186023712158203e+00
6.677212715148925781e-01 2.937507390975952148e+00
7.007209062576293945e-01 2.937121391296386719e+00
7.183762788772583008e-01 2.938127517700195312e+00
7.398847341537475586e-01 2.937042951583862305e+00
7.835510969161987305e-01 2.935524463653564453e+00
8.322587013244628906e-01 2.932694435119628906e+00
9.438954591751098633e-01 2.927561283111572266e+00
1.078573703765869141e+00 2.926143646240234375e+00
1.201327800750732422e+00 2.929077625274658203e+00
1.308161020278930664e+00 2.936409950256347656e+00
1.398479104042053223e+00 2.942662239074707031e+00
1.461827874183654785e+00 2.952541828155517578e+00
1.522824764251708984e+00 2.972403764724731445e+00
1.560790061950683594e+00 2.982462644577026367e+00
1.597857236862182617e+00 2.984378814697265625e+00
1.649190187454223633e+00 2.980059385299682617e+00
1.714237213134765625e+00 2.972438097000122070e+00
1.771174907684326172e+00 2.972923278808593750e+00
1.838976144790649414e+00 2.973614215850830078e+00
1.910161972045898438e+00 2.976640224456787109e+00
2.009926795959472656e+00 2.979800939559936523e+00
2.092374563217163086e+00 2.980224132537841797e+00
2.191632270812988281e+00 2.980640172958374023e+00
2.266668558120727539e+00 2.978811502456665039e+00
2.318444728851318359e+00 2.975687265396118164e+00
2.382126331329345703e+00 2.972979545593261719e+00
2.430438756942749023e+00 2.967704296112060547e+00
2.469519853591918945e+00 2.962696790695190430e+00
2.497511386871337891e+00 2.958711862564086914e+00
2.528129100799560547e+00 2.959194898605346680e+00
2.562868595123291016e+00 2.965740203857421875e+00
2.603747844696044922e+00 2.976074934005737305e+00
2.667956590652465820e+00 2.979225397109985352e+00
2.738292217254638672e+00 2.979491949081420898e+00
2.806778192520141602e+00 2.976848602294921875e+00
2.863390684127807617e+00 2.975082397460937500e+00
2.915822505950927734e+00 2.973785877227783203e+00
2.976836442947387695e+00 2.972558021545410156e+00
3.035613298416137695e+00 2.969502687454223633e+00
3.093300819396972656e+00 2.964319229125976562e+00
3.151648283004760742e+00 2.959343433380126953e+00
3.210826158523559570e+00 2.954451084136962891e+00
3.270188570022583008e+00 2.950159788131713867e+00
3.328309059143066406e+00 2.946310281753540039e+00
3.382299423217773438e+00 2.942998647689819336e+00
3.432871818542480469e+00 2.940303087234497070e+00
3.485743522644042969e+00 2.938066959381103516e+00
3.543985366821289062e+00 2.935614109039306641e+00
3.605415344238281250e+00 2.933233261108398438e+00
3.670032501220703125e+00 2.930946350097656250e+00
3.733657836914062500e+00 2.928774595260620117e+00
3.799132823944091797e+00 2.926729679107666016e+00
3.863324642181396484e+00 2.925960063934326172e+00
3.919744968414306641e+00 2.927389383316040039e+00
3.978541851043701172e+00 2.928442239761352539e+00
4.041136264801025391e+00 2.929216146469116211e+00
4.106675148010253906e+00 2.929208517074584961e+00
4.173439979553222656e+00 2.929383754730224609e+00
4.239633560180664062e+00 2.929434776306152344e+00
4.306954860687255859e+00 2.929360389709472656e+00
4.376541137695312500e+00 2.929183959960937500e+00
4.447470188140869141e+00 2.928980588912963867e+00
4.513332366943359375e+00 2.929075717926025391e+00
4.581417560577392578e+00 2.929027795791625977e+00
4.651355743408203125e+00 2.928979396820068359e+00
4.723387718200683594e+00 2.928987741470336914e+00
4.796193599700927734e+00 2.929087638854980469e+00
4.859437465667724609e+00 2.931921482086181641e+00
4.923758506774902344e+00 2.935592651367187500e+00
4.990794658660888672e+00 2.939409017562866211e+00
5.056985378265380859e+00 2.943447113037109375e+00
5.120374202728271484e+00 2.947655439376831055e+00
5.183059215545654297e+00 2.951960086822509766e+00
5.246381759643554688e+00 2.956308126449584961e+00
5.311931133270263672e+00 2.960553407669067383e+00
5.383036613464355469e+00 2.965319871902465820e+00
5.450904846191406250e+00 2.970108509063720703e+00
5.522615432739257812e+00 2.970685958862304688e+00
5.592805385589599609e+00 2.971569299697875977e+00
5.659975528717041016e+00 2.972373008728027344e+00
5.726634979248046875e+00 2.972975492477416992e+00
5.792142868041992188e+00 2.973405122756958008e+00
5.856858730316162109e+00 2.973727703094482422e+00
5.921505928039550781e+00 2.973891496658325195e+00
5.986183643341064453e+00 2.973953485488891602e+00
6.050703525543212891e+00 2.974430799484252930e+00
6.114057064056396484e+00 2.974709033966064453e+00
6.176718235015869141e+00 2.974840879440307617e+00
6.245837688446044922e+00 2.972868680953979492e+00
6.314045429229736328e+00 2.970458030700683594e+00
6.380260467529296875e+00 2.967969179153442383e+00
6.444800853729248047e+00 2.965408325195312500e+00
6.508014202117919922e+00 2.962857723236083984e+00
6.571177482604980469e+00 2.960518836975097656e+00
6.631551265716552734e+00 2.958170890808105469e+00
6.697032451629638672e+00 2.955501794815063477e+00
6.764039039611816406e+00 2.952735424041748047e+00
6.830533981323242188e+00 2.950003385543823242e+00
6.893518924713134766e+00 2.947366952896118164e+00
6.954705715179443359e+00 2.944927692413330078e+00
7.015567302703857422e+00 2.942566394805908203e+00
7.076154232025146484e+00 2.940289497375488281e+00
7.135790348052978516e+00 2.937981367111206055e+00
7.190083980560302734e+00 2.936075210571289062e+00
7.240496158599853516e+00 2.934762716293334961e+00
7.290795326232910156e+00 2.933640718460083008e+00
7.341303825378417969e+00 2.932559967041015625e+00
7.391542434692382812e+00 2.930930852890014648e+00
7.440975666046142578e+00 2.929864645004272461e+00
7.500251770019531250e+00 2.929121494293212891e+00
7.558405399322509766e+00 2.929298877716064453e+00
7.610841274261474609e+00 2.930180311203002930e+00
7.659993648529052734e+00 2.931351900100708008e+00
7.704625606536865234e+00 2.933546781539916992e+00
7.743097782135009766e+00 2.936966657638549805e+00
7.776398181915283203e+00 2.941072940826416016e+00
7.810195446014404297e+00 2.946015596389770508e+00
7.837768077850341797e+00 2.948293447494506836e+00
7.904354572296142578e+00 2.948741674423217773e+00
7.975941181182861328e+00 2.950193881988525391e+00
8.052906036376953125e+00 2.951724290847778320e+00
8.142896652221679688e+00 2.953424215316772461e+00
8.233934402465820312e+00 2.955954074859619141e+00
8.299633026123046875e+00 2.959174394607543945e+00
8.340942382812500000e+00 2.971381664276123047e+00
8.381042480468750000e+00 2.981577873229980469e+00
8.400020599365234375e+00 2.991110563278198242e+00
8.396123886108398438e+00 2.994185686111450195e+00
8.386470794677734375e+00 2.999996662139892578e+00
8.320863723754882812e+00 3.009834527969360352e+00
8.215875625610351562e+00 3.014674663543701172e+00
8.346826553344726562e+00 3.001614809036254883e+00
8.525588989257812500e+00 2.976473808288574219e+00
8.689575195312500000e+00 2.960425376892089844e+00
8.814451217651367188e+00 2.953938722610473633e+00
8.964597702026367188e+00 2.953627586364746094e+00
9.037706375122070312e+00 2.957473993301391602e+00
9.050956726074218750e+00 2.953530311584472656e+00
9.025911331176757812e+00 2.939046382904052734e+00
9.131124496459960938e+00 2.954752206802368164e+00
9.236412048339843750e+00 2.975001096725463867e+00
9.304336547851562500e+00 2.989715099334716797e+00
9.312067031860351562e+00 2.991445302963256836e+00
9.340675354003906250e+00 2.983719825744628906e+00
9.523174285888671875e+00 2.990814924240112305e+00
9.720907211303710938e+00 3.004173755645751953e+00
9.838891983032226562e+00 3.019495487213134766e+00
9.899429321289062500e+00 3.033571958541870117e+00
9.950557708740234375e+00 3.045030355453491211e+00
9.967174530029296875e+00 3.046225547790527344e+00
1.003941535949707031e+01 3.044682025909423828e+00
1.009955406188964844e+01 3.022172927856445312e+00
1.017274284362792969e+01 3.007884263992309570e+00
1.025882339477539062e+01 2.997969865798950195e+00
1.033695602416992188e+01 2.990864753723144531e+00
1.040309715270996094e+01 2.977805614471435547e+00
1.047851753234863281e+01 2.965276002883911133e+00
1.054401016235351562e+01 2.956820726394653320e+00
1.061095619201660156e+01 2.957436323165893555e+00
1.067708396911621094e+01 2.966557025909423828e+00
1.074407768249511719e+01 2.975034952163696289e+00
1.080436134338378906e+01 2.979311704635620117e+00
1.086988639831542969e+01 2.984135150909423828e+00
1.093027496337890625e+01 2.987925529479980469e+00
1.098488616943359375e+01 2.990073204040527344e+00
1.104084014892578125e+01 2.992446899414062500e+00
1.109815979003906250e+01 2.994249343872070312e+00
1.115454864501953125e+01 2.994990587234497070e+00
1.121267890930175781e+01 2.994892358779907227e+00
1.127294349670410156e+01 2.995837211608886719e+00
1.133540916442871094e+01 2.998144626617431641e+00
1.139711380004882812e+01 2.999665021896362305e+00
1.145568275451660156e+01 3.000515222549438477e+00
1.151102828979492188e+01 3.000040769577026367e+00
1.156460571289062500e+01 2.998579978942871094e+00
1.161981010437011719e+01 2.996595382690429688e+00
1.167609977722167969e+01 2.994176864624023438e+00
1.173252487182617188e+01 2.991329431533813477e+00
1.178661346435546875e+01 2.988155841827392578e+00
1.184022521972656250e+01 2.985016584396362305e+00
1.189431190490722656e+01 2.982877254486083984e+00
1.194609642028808594e+01 2.981282711029052734e+00
1.199378013610839844e+01 2.979352712631225586e+00
1.204252243041992188e+01 2.977532625198364258e+00
1.209140968322753906e+01 2.976007223129272461e+00
1.214110565185546875e+01 2.974711656570434570e+00
1.218968391418457031e+01 2.973543167114257812e+00
1.224099349975585938e+01 2.973119497299194336e+00
1.229612922668457031e+01 2.973700761795043945e+00
1.235490036010742188e+01 2.975393772125244141e+00
1.241765213012695312e+01 2.976934432983398438e+00
1.248908424377441406e+01 2.978784799575805664e+00
1.254741096496582031e+01 2.973693609237670898e+00
1.260523605346679688e+01 2.967013120651245117e+00
1.266929244995117188e+01 2.961479663848876953e+00
1.273954963684082031e+01 2.957685708999633789e+00
1.281384468078613281e+01 2.956119060516357422e+00
1.289263725280761719e+01 2.956435918807983398e+00
1.297484016418457031e+01 2.958948612213134766e+00
1.305739974975585938e+01 2.962859392166137695e+00
1.313623619079589844e+01 2.968033075332641602e+00
1.321764564514160156e+01 2.974569559097290039e+00
1.330040931701660156e+01 2.981741428375244141e+00
1.338106918334960938e+01 2.988348245620727539e+00
1.345915412902832031e+01 2.995625972747802734e+00
1.353372573852539062e+01 3.004757642745971680e+00
1.360590171813964844e+01 3.011615037918090820e+00
1.367912864685058594e+01 3.016786575317382812e+00
1.375207328796386719e+01 3.020116806030273438e+00
1.382383346557617188e+01 3.021363735198974609e+00
1.390003585815429688e+01 3.018124580383300781e+00
1.397603797912597656e+01 3.012812137603759766e+00
1.405331611633300781e+01 3.006093263626098633e+00
1.412791061401367188e+01 3.003870010375976562e+00
1.419803237915039062e+01 3.003239154815673828e+00
1.426537895202636719e+01 3.000729799270629883e+00
1.433465385437011719e+01 2.996918916702270508e+00
1.440863227844238281e+01 2.990612506866455078e+00
1.448528480529785156e+01 2.982260942459106445e+00
1.454629135131835938e+01 2.979522466659545898e+00
1.461016845703125000e+01 2.976179361343383789e+00
1.467771720886230469e+01 2.972061157226562500e+00
1.475826072692871094e+01 2.973592042922973633e+00
1.482763290405273438e+01 2.977332592010498047e+00
1.488674926757812500e+01 2.980386734008789062e+00
1.494837760925292969e+01 2.987167119979858398e+00
1.499688339233398438e+01 2.994978189468383789e+00
1.504053878784179688e+01 3.001793146133422852e+00
1.508242034912109375e+01 3.002290964126586914e+00
1.512550926208496094e+01 2.999489545822143555e+00
1.515736961364746094e+01 2.994410991668701172e+00
1.519858169555664062e+01 2.998961210250854492e+00
1.523538970947265625e+01 3.001144886016845703e+00
1.529052925109863281e+01 3.004533052444458008e+00
1.533511924743652344e+01 3.006352901458740234e+00
1.535354042053222656e+01 3.007086277008056641e+00
1.535547637939453125e+01 3.002692461013793945e+00
1.535736083984375000e+01 2.997849941253662109e+00
1.536998748779296875e+01 2.994306325912475586e+00
1.538214683532714844e+01 2.991260766983032227e+00
1.538573646545410156e+01 2.985488176345825195e+00
1.537660598754882812e+01 2.974372148513793945e+00
1.538838768005371094e+01 2.960300207138061523e+00
1.547360610961914062e+01 2.945893049240112305e+00
1.559323883056640625e+01 2.936533927917480469e+00
1.567361068725585938e+01 2.930751562118530273e+00
1.574683380126953125e+01 2.937955856323242188e+00
1.578237533569335938e+01 2.943388462066650391e+00
1.576530265808105469e+01 2.951871156692504883e+00
1.586596870422363281e+01 2.979474067687988281e+00
1.591812896728515625e+01 3.003545284271240234e+00
1.608386802673339844e+01 3.032786846160888672e+00
1.625200462341308594e+01 3.027867794036865234e+00
1.649551200866699219e+01 2.990784168243408203e+00
1.670748138427734375e+01 2.926205158233642578e+00
1.673436546325683594e+01 2.902864933013916016e+00
1.651198387145996094e+01 2.976278781890869141e+00
1.643747329711914062e+01 2.978261709213256836e+00
1.664951705932617188e+01 2.916554450988769531e+00
1.681163406372070312e+01 2.898066997528076172e+00
1.694362258911132812e+01 2.899880647659301758e+00
1.702016448974609375e+01 2.922031641006469727e+00
1.704240798950195312e+01 2.959741353988647461e+00
1.712860488891601562e+01 2.971517324447631836e+00
1.721293067932128906e+01 2.979709386825561523e+00
1.728736686706542969e+01 2.986470937728881836e+00
1.735878753662109375e+01 2.993251800537109375e+00
1.743555259704589844e+01 2.999233007431030273e+00
1.751838111877441406e+01 3.002217531204223633e+00
1.760415458679199219e+01 3.003714799880981445e+00
1.767561149597167969e+01 3.006180047988891602e+00
1.774097824096679688e+01 3.006766080856323242e+00
1.780311393737792969e+01 3.006726264953613281e+00
1.786628532409667969e+01 3.006669521331787109e+00
1.793025016784667969e+01 3.006590604782104492e+00
1.799376487731933594e+01 3.005685567855834961e+00
1.805220031738281250e+01 3.005997180938720703e+00
1.811315536499023438e+01 3.006265878677368164e+00
1.817673683166503906e+01 3.006438970565795898e+00
1.824243354797363281e+01 3.006471395492553711e+00
1.831009674072265625e+01 3.006331682205200195e+00
1.837737083435058594e+01 3.006231784820556641e+00
1.844323921203613281e+01 3.006387233734130859e+00
1.851115417480468750e+01 3.006465196609497070e+00
1.857409477233886719e+01 3.006679773330688477e+00
1.863449668884277344e+01 3.006919860839843750e+00
1.869602966308593750e+01 3.007051229476928711e+00
1.875427436828613281e+01 3.007079362869262695e+00
1.881367111206054688e+01 3.006974935531616211e+00
1.887404060363769531e+01 3.006726503372192383e+00
1.893614006042480469e+01 3.006366014480590820e+00
1.899971580505371094e+01 3.005898237228393555e+00
1.906482124328613281e+01 3.005328655242919922e+00
1.913080024719238281e+01 3.004664421081542969e+00
1.919660568237304688e+01 3.004010438919067383e+00
1.926296424865722656e+01 3.003266811370849609e+00
1.932843017578125000e+01 3.002430915832519531e+00
1.939416885375976562e+01 3.001513242721557617e+00
1.946017837524414062e+01 3.000526428222656250e+00
1.952654266357421875e+01 2.999466419219970703e+00
1.959215164184570312e+01 2.998331785202026367e+00
1.965729522705078125e+01 2.997154951095581055e+00
1.972196960449218750e+01 2.995952129364013672e+00
1.978615570068359375e+01 2.994729280471801758e+00
1.984912872314453125e+01 2.993490934371948242e+00
1.990973472595214844e+01 2.992263555526733398e+00
1.996998214721679688e+01 2.991041183471679688e+00
2.003079032897949219e+01 2.989897966384887695e+00
2.009137344360351562e+01 2.988781213760375977e+00
2.015166091918945312e+01 2.987695455551147461e+00
2.021175003051757812e+01 2.986639976501464844e+00
2.027146530151367188e+01 2.985589742660522461e+00
2.033127975463867188e+01 2.984579324722290039e+00
2.038975906372070312e+01 2.983634233474731445e+00
2.044807624816894531e+01 2.982707977294921875e+00
2.050608253479003906e+01 2.981713294982910156e+00
2.056449127197265625e+01 2.980780124664306641e+00
2.062320709228515625e+01 2.979892253875732422e+00
2.068254089355468750e+01 2.979090690612792969e+00
2.074256324768066406e+01 2.978401660919189453e+00
2.080290222167968750e+01 2.977718591690063477e+00
2.086311340332031250e+01 2.976784229278564453e+00
2.092411041259765625e+01 2.975928783416748047e+00
2.098587417602539062e+01 2.975176811218261719e+00
2.104624557495117188e+01 2.974598407745361328e+00
2.110680580139160156e+01 2.974059343338012695e+00
2.116740608215332031e+01 2.973248243331909180e+00
2.122854042053222656e+01 2.972567558288574219e+00
2.129023361206054688e+01 2.972029685974121094e+00
2.135252380371093750e+01 2.971608400344848633e+00
2.141553306579589844e+01 2.971323013305664062e+00
2.147958755493164062e+01 2.971442699432373047e+00
2.154529190063476562e+01 2.972127676010131836e+00
2.160991859436035156e+01 2.973130464553833008e+00
2.167248344421386719e+01 2.974479198455810547e+00
2.172695350646972656e+01 2.976412296295166016e+00
2.178235244750976562e+01 2.977710485458374023e+00
2.184065437316894531e+01 2.978298425674438477e+00
2.189784049987792969e+01 2.979214668273925781e+00
2.195210647583007812e+01 2.980187892913818359e+00
2.200444602966308594e+01 2.981473922729492188e+00
2.205809020996093750e+01 2.983473062515258789e+00
2.211379432678222656e+01 2.986293792724609375e+00
2.216764259338378906e+01 2.989477634429931641e+00
2.221994018554687500e+01 2.992642879486083984e+00
2.227809524536132812e+01 2.993403196334838867e+00
2.234440040588378906e+01 2.991747140884399414e+00
2.240246391296386719e+01 2.990216970443725586e+00
2.245493507385253906e+01 2.988916873931884766e+00
2.250428962707519531e+01 2.987724065780639648e+00
2.256385040283203125e+01 2.988108158111572266e+00
2.262931251525878906e+01 2.989402770996093750e+00
2.268550109863281250e+01 2.987207174301147461e+00
2.274006843566894531e+01 2.984621286392211914e+00
2.279484939575195312e+01 2.982006788253784180e+00
2.284454154968261719e+01 2.979666233062744141e+00
2.291792297363281250e+01 2.970866680145263672e+00
2.296895980834960938e+01 2.963877916336059570e+00
2.302185821533203125e+01 2.956896781921386719e+00
2.306158256530761719e+01 2.958147048950195312e+00
2.310254669189453125e+01 2.959039926528930664e+00
2.316158485412597656e+01 2.962312936782836914e+00
2.322067832946777344e+01 2.965025901794433594e+00
2.328212165832519531e+01 2.967144489288330078e+00
2.334301567077636719e+01 2.969196557998657227e+00
2.340605926513671875e+01 2.969956874847412109e+00
2.347039985656738281e+01 2.969275951385498047e+00
2.352995681762695312e+01 2.966412544250488281e+00
2.358713150024414062e+01 2.971986532211303711e+00
2.364003562927246094e+01 2.976901054382324219e+00
2.368497276306152344e+01 2.977216482162475586e+00
2.372241020202636719e+01 2.973911762237548828e+00
2.376247215270996094e+01 2.965376138687133789e+00
2.382564353942871094e+01 2.945040941238403320e+00
2.389847183227539062e+01 2.935131788253784180e+00
2.396813964843750000e+01 2.926619052886962891e+00
2.402555847167968750e+01 2.915357112884521484e+00
2.410579490661621094e+01 2.905139207839965820e+00
2.417650413513183594e+01 2.908170461654663086e+00
2.424714088439941406e+01 2.910962581634521484e+00
2.432231712341308594e+01 2.913450717926025391e+00
2.436637306213378906e+01 2.926246404647827148e+00
2.443934059143066406e+01 2.936277627944946289e+00
2.451453590393066406e+01 2.946787118911743164e+00
2.458651733398437500e+01 2.956757307052612305e+00
2.465246582031250000e+01 2.965445518493652344e+00
2.471496391296386719e+01 2.972877979278564453e+00
2.477441787719726562e+01 2.978775262832641602e+00
2.483053398132324219e+01 2.980831384658813477e+00
2.488761138916015625e+01 2.982346773147583008e+00
2.494402885437011719e+01 2.983374595642089844e+00
2.499989509582519531e+01 2.984342336654663086e+00
2.505567169189453125e+01 2.984770059585571289e+00
2.511147117614746094e+01 2.984579801559448242e+00
2.516732215881347656e+01 2.983794689178466797e+00
2.522324562072753906e+01 2.982476472854614258e+00
2.527919769287109375e+01 2.980674266815185547e+00
2.533352661132812500e+01 2.976882934570312500e+00
2.538585281372070312e+01 2.971239805221557617e+00
2.543751335144042969e+01 2.965459346771240234e+00
2.548853111267089844e+01 2.959156990051269531e+00
2.553909301757812500e+01 2.952462434768676758e+00
2.559015464782714844e+01 2.945690393447875977e+00
2.564442062377929688e+01 2.940244436264038086e+00
2.568236541748046875e+01 2.940613508224487305e+00
2.572001266479492188e+01 2.940914154052734375e+00
2.575717735290527344e+01 2.941162586212158203e+00
2.579518508911132812e+01 2.941300153732299805e+00
2.583452987670898438e+01 2.941332817077636719e+00
2.587573432922363281e+01 2.941329002380371094e+00
2.592547035217285156e+01 2.941090822219848633e+00
2.598802566528320312e+01 2.940455913543701172e+00
2.605195808410644531e+01 2.939713001251220703e+00
2.611743545532226562e+01 2.938871622085571289e+00
2.618457603454589844e+01 2.937913894653320312e+00
2.625344848632812500e+01 2.936745643615722656e+00
2.632418823242187500e+01 2.935526609420776367e+00
2.640159606933593750e+01 2.934367656707763672e+00
2.648037719726562500e+01 2.933062076568603516e+00
2.656041908264160156e+01 2.931763410568237305e+00
2.664128303527832031e+01 2.930372953414916992e+00
2.672306823730468750e+01 2.928929805755615234e+00
2.680582237243652344e+01 2.927478075027465820e+00
2.688934326171875000e+01 2.926048755645751953e+00
2.697352790832519531e+01 2.924638032913208008e+00
2.705797195434570312e+01 2.923247575759887695e+00
2.714227104187011719e+01 2.921864271163940430e+00
2.722629165649414062e+01 2.920483350753784180e+00
2.730417633056640625e+01 2.919500589370727539e+00
2.737832069396972656e+01 2.918688774108886719e+00
2.745084190368652344e+01 2.917856931686401367e+00
2.751683807373046875e+01 2.917483091354370117e+00
2.758046913146972656e+01 2.917252540588378906e+00
2.764506721496582031e+01 2.917097806930541992e+00
2.770790100097656250e+01 2.916917324066162109e+00
2.776844596862792969e+01 2.916699409484863281e+00
2.782610893249511719e+01 2.916487455368041992e+00
2.788090705871582031e+01 2.916302919387817383e+00
2.793218231201171875e+01 2.916103601455688477e+00
2.799089241027832031e+01 2.915726423263549805e+00
2.805387687683105469e+01 2.915291309356689453e+00
2.811429977416992188e+01 2.914964914321899414e+00
2.817221832275390625e+01 2.914871931076049805e+00
2.822782707214355469e+01 2.915040969848632812e+00
2.828139686584472656e+01 2.915279626846313477e+00
2.833350563049316406e+01 2.915870904922485352e+00
2.838462257385253906e+01 2.916862726211547852e+00
2.843499374389648438e+01 2.918309211730957031e+00
2.848579788208007812e+01 2.920298337936401367e+00
2.853652954101562500e+01 2.922721385955810547e+00
2.858755111694335938e+01 2.925629615783691406e+00
2.863883018493652344e+01 2.928967475891113281e+00
2.868598175048828125e+01 2.932629346847534180e+00
2.873060417175292969e+01 2.936752557754516602e+00
2.877379417419433594e+01 2.941088438034057617e+00
2.883544731140136719e+01 2.944870471954345703e+00
2.890981101989746094e+01 2.947853565216064453e+00
2.898439598083496094e+01 2.949683427810668945e+00
2.906501960754394531e+01 2.949945211410522461e+00
2.913777923583984375e+01 2.961133480072021484e+00
2.922633743286132812e+01 2.972562551498413086e+00
2.935937118530273438e+01 2.974654436111450195e+00
2.948933982849121094e+01 2.973276853561401367e+00
2.960122489929199219e+01 2.968260526657104492e+00
2.972384452819824219e+01 2.972750425338745117e+00
2.981142616271972656e+01 2.977002859115600586e+00
2.985387420654296875e+01 2.983310461044311523e+00
2.987656402587890625e+01 2.986212491989135742e+00
2.988601112365722656e+01 2.986027240753173828e+00
2.989194297790527344e+01 2.983705520629882812e+00
2.990849304199218750e+01 2.980169057846069336e+00
2.994886589050292969e+01 2.977579116821289062e+00
3.000566101074218750e+01 2.975570201873779297e+00
3.007868576049804688e+01 2.974338054656982422e+00
3.017449760437011719e+01 2.974478244781494141e+00
3.028171348571777344e+01 2.975850105285644531e+00
3.040160751342773438e+01 2.978143453598022461e+00
3.052587127685546875e+01 2.980786561965942383e+00
3.064522552490234375e+01 2.983493804931640625e+00
3.075203895568847656e+01 2.985815763473510742e+00
3.083952903747558594e+01 2.987351655960083008e+00
3.090261459350585938e+01 2.987785100936889648e+00
3.093967628479003906e+01 2.986935853958129883e+00
3.095158576965332031e+01 2.984758138656616211e+00
3.094107818603515625e+01 2.981355905532836914e+00
3.091954421997070312e+01 2.976924896240234375e+00
3.090137100219726562e+01 2.972027540206909180e+00
3.090499496459960938e+01 2.967527627944946289e+00
3.094972801208496094e+01 2.964267969131469727e+00
3.106994247436523438e+01 2.963162899017333984e+00
3.124862289428710938e+01 2.963318824768066406e+00
3.144126892089843750e+01 2.961112976074218750e+00
3.158933830261230469e+01 2.955411672592163086e+00
3.161455726623535156e+01 2.967996358871459961e+00
3.151536941528320312e+01 2.956804275512695312e+00
3.161392784118652344e+01 2.916786670684814453e+00
3.157446098327636719e+01 2.878197193145751953e+00
3.133817100524902344e+01 2.932548284530639648e+00
3.027781677246093750e+01 3.006685972213745117e+00
