1.588327884674072266e+01
1.464084053039550781e+01
1.321343994140625000e+01
6.073809623718261719e+00
3.282204389572143555e+00
1.995284914970397949e+00
1.523092985153198242e+00
1.249113202095031738e+00
1.060622096061706543e+00
9.411722421646118164e-01
8.530815839767456055e-01
7.846297025680541992e-01
7.251945137977600098e-01
6.612448692321777344e-01
6.137493848800659180e-01
5.733726620674133301e-01
5.386046171188354492e-01
5.113907456398010254e-01
4.861006140708923340e-01
4.649795591831207275e-01
4.398962557315826416e-01
4.302141666412353516e-01
4.094690978527069092e-01
3.920938372611999512e-01
3.779890239238739014e-01
3.695507347583770752e-01
3.536870777606964111e-01
3.435623943805694580e-01
3.349416255950927734e-01
3.280582129955291748e-01
