1.590994739532470703e+01
1.436882877349853516e+01
1.271271896362304688e+01
9.258449554443359375e+00
6.078083038330078125e+00
2.199114561080932617e+00
1.318942308425903320e+00
1.028775215148925781e+00
8.424475193023681641e-01
7.192286849021911621e-01
6.479367017745971680e-01
5.843380689620971680e-01
5.187829732894897461e-01
4.861081540584564209e-01
4.417462348937988281e-01
4.157672524452209473e-01
3.901623487472534180e-01
3.653700947761535645e-01
3.436985909938812256e-01
3.330841064453125000e-01
3.183155953884124756e-01
3.080143928527832031e-01
2.940782308578491211e-01
2.864618897438049316e-01
2.720929384231567383e-01
2.650108039379119873e-01
2.552462220191955566e-01
2.478062808513641357e-01
2.371081858873367310e-01
2.348857074975967407e-01
